#-----------------------------------------------------------
# Vivado v2018.2 (64-bit)
# SW Build 2258646 on Thu Jun 14 20:03:12 MDT 2018
# IP Build 2256618 on Thu Jun 14 22:10:49 MDT 2018
# Start of session at: Wed Jul  6 11:03:11 2022
# Process ID: 1300
# Current directory: D:/codeworkplace/VS-Code-V/project/cpu_SoC
# Command line: vivado.exe -gui_launcher_event rodinguilauncherevent4556 D:\codeworkplace\VS-Code-V\project\cpu_SoC\cpu_SoC.xpr
# Log file: D:/codeworkplace/VS-Code-V/project/cpu_SoC/vivado.log
# Journal file: D:/codeworkplace/VS-Code-V/project/cpu_SoC\vivado.jou
#-----------------------------------------------------------
start_gui
open_project D:/codeworkplace/VS-Code-V/project/cpu_SoC/cpu_SoC.xpr
Scanning sources...
Finished scanning sources
INFO: [IP_Flow 19-234] Refreshing IP repositories
INFO: [IP_Flow 19-1704] No user IP repositories specified
INFO: [IP_Flow 19-2313] Loaded Vivado IP repository 'D:/codeworkplace/Xilinx/Vivado/2018.2/data/ip'.
open_project: Time (s): cpu = 00:00:13 ; elapsed = 00:00:06 . Memory (MB): peak = 888.988 ; gain = 159.688
update_compile_order -fileset sources_1
update_ip_catalog
exit
INFO: [Common 17-206] Exiting Vivado at Fri Jul  8 00:05:05 2022...
