
*** Running vivado
    with args -log memory_top.vds -m64 -product Vivado -mode batch -messageDb vivado.pb -notrace -source memory_top.tcl


****** Vivado v2018.2 (64-bit)
  **** SW Build 2258646 on Thu Jun 14 20:03:12 MDT 2018
  **** IP Build 2256618 on Thu Jun 14 22:10:49 MDT 2018
    ** Copyright 1986-2018 Xilinx, Inc. All Rights Reserved.

source memory_top.tcl -notrace
Command: synth_design -top memory_top -part xc7a100tfgg484-1
Starting synth_design
Attempting to get a license for feature 'Synthesis' and/or device 'xc7a100t'
INFO: [Common 17-349] Got license for feature 'Synthesis' and/or device 'xc7a100t'
INFO: Launching helper process for spawning children vivado processes
INFO: Helper process launched with PID 15992 
---------------------------------------------------------------------------------
Starting RTL Elaboration : Time (s): cpu = 00:00:02 ; elapsed = 00:00:02 . Memory (MB): peak = 387.648 ; gain = 99.789
---------------------------------------------------------------------------------
INFO: [Synth 8-6157] synthesizing module 'memory_top' [D:/codeworkplace/VS-Code-V/project/memory_w_r/memory_top.v:1]
INFO: [Synth 8-6157] synthesizing module 'clk_div' [D:/codeworkplace/VS-Code-V/project/memory_w_r/memory_w_r.runs/synth_1/.Xil/Vivado-9732-DESKTOP-2OOS4AI/realtime/clk_div_stub.v:5]
INFO: [Synth 8-6155] done synthesizing module 'clk_div' (1#1) [D:/codeworkplace/VS-Code-V/project/memory_w_r/memory_w_r.runs/synth_1/.Xil/Vivado-9732-DESKTOP-2OOS4AI/realtime/clk_div_stub.v:5]
INFO: [Synth 8-6157] synthesizing module 'memory_w_r' [D:/codeworkplace/VS-Code-V/project/memory_w_r/memory_w_r.v:1]
	Parameter cnt_end bound to: 3 - type: integer 
WARNING: [Synth 8-5788] Register state_reg in module memory_w_r is has both Set and reset with same priority. This may cause simulation mismatches. Consider rewriting code  [D:/codeworkplace/VS-Code-V/project/memory_w_r/memory_w_r.v:21]
INFO: [Synth 8-6155] done synthesizing module 'memory_w_r' (2#1) [D:/codeworkplace/VS-Code-V/project/memory_w_r/memory_w_r.v:1]
WARNING: [Synth 8-689] width (16) of port connection 'douta' does not match port width (1) of module 'memory_w_r' [D:/codeworkplace/VS-Code-V/project/memory_w_r/memory_top.v:30]
INFO: [Synth 8-6157] synthesizing module 'led_mem' [D:/codeworkplace/VS-Code-V/project/memory_w_r/memory_w_r.runs/synth_1/.Xil/Vivado-9732-DESKTOP-2OOS4AI/realtime/led_mem_stub.v:6]
INFO: [Synth 8-6155] done synthesizing module 'led_mem' (3#1) [D:/codeworkplace/VS-Code-V/project/memory_w_r/memory_w_r.runs/synth_1/.Xil/Vivado-9732-DESKTOP-2OOS4AI/realtime/led_mem_stub.v:6]
INFO: [Synth 8-6155] done synthesizing module 'memory_top' (4#1) [D:/codeworkplace/VS-Code-V/project/memory_w_r/memory_top.v:1]
---------------------------------------------------------------------------------
Finished RTL Elaboration : Time (s): cpu = 00:00:03 ; elapsed = 00:00:03 . Memory (MB): peak = 442.301 ; gain = 154.441
---------------------------------------------------------------------------------

Report Check Netlist: 
+------+------------------+-------+---------+-------+------------------+
|      |Item              |Errors |Warnings |Status |Description       |
+------+------------------+-------+---------+-------+------------------+
|1     |multi_driven_nets |      0|        0|Passed |Multi driven nets |
+------+------------------+-------+---------+-------+------------------+
---------------------------------------------------------------------------------
Start Handling Custom Attributes
---------------------------------------------------------------------------------
---------------------------------------------------------------------------------
Finished Handling Custom Attributes : Time (s): cpu = 00:00:03 ; elapsed = 00:00:03 . Memory (MB): peak = 442.301 ; gain = 154.441
---------------------------------------------------------------------------------
---------------------------------------------------------------------------------
Finished RTL Optimization Phase 1 : Time (s): cpu = 00:00:03 ; elapsed = 00:00:03 . Memory (MB): peak = 442.301 ; gain = 154.441
---------------------------------------------------------------------------------
INFO: [Device 21-403] Loading part xc7a100tfgg484-1
INFO: [Project 1-570] Preparing netlist for logic optimization

Processing XDC Constraints
Initializing timing engine
Parsing XDC File [d:/codeworkplace/VS-Code-V/project/memory_w_r/memory_w_r.srcs/sources_1/ip/clk_div_1/clk_div/clk_div_in_context.xdc] for cell 'u_clk_div'
Finished Parsing XDC File [d:/codeworkplace/VS-Code-V/project/memory_w_r/memory_w_r.srcs/sources_1/ip/clk_div_1/clk_div/clk_div_in_context.xdc] for cell 'u_clk_div'
Parsing XDC File [d:/codeworkplace/VS-Code-V/project/memory_w_r/memory_w_r.srcs/sources_1/ip/led_mem/led_mem/led_mem_in_context.xdc] for cell 'u_led_mem'
Finished Parsing XDC File [d:/codeworkplace/VS-Code-V/project/memory_w_r/memory_w_r.srcs/sources_1/ip/led_mem/led_mem/led_mem_in_context.xdc] for cell 'u_led_mem'
Parsing XDC File [D:/codeworkplace/VS-Code-V/project/memory_w_r/clock.xdc]
WARNING: [Constraints 18-619] A clock with name 'clk' already exists, overwriting the previous clock with the same name. [D:/codeworkplace/VS-Code-V/project/memory_w_r/clock.xdc:1]
Finished Parsing XDC File [D:/codeworkplace/VS-Code-V/project/memory_w_r/clock.xdc]
Parsing XDC File [D:/codeworkplace/VS-Code-V/project/memory_w_r/pin.xdc]
Finished Parsing XDC File [D:/codeworkplace/VS-Code-V/project/memory_w_r/pin.xdc]
INFO: [Project 1-236] Implementation specific constraints were found while reading constraint file [D:/codeworkplace/VS-Code-V/project/memory_w_r/pin.xdc]. These constraints will be ignored for synthesis but will be used in implementation. Impacted constraints are listed in the file [.Xil/memory_top_propImpl.xdc].
Resolution: To avoid this warning, move constraints listed in [.Xil/memory_top_propImpl.xdc] to another XDC file and exclude this new file from synthesis with the used_in_synthesis property (File Properties dialog in GUI) and re-run elaboration/synthesis.
Parsing XDC File [D:/codeworkplace/VS-Code-V/project/memory_w_r/memory_w_r.runs/synth_1/dont_touch.xdc]
Finished Parsing XDC File [D:/codeworkplace/VS-Code-V/project/memory_w_r/memory_w_r.runs/synth_1/dont_touch.xdc]
Completed Processing XDC Constraints

INFO: [Project 1-111] Unisim Transformation Summary:
No Unisim elements were transformed.

Constraint Validation Runtime : Time (s): cpu = 00:00:00 ; elapsed = 00:00:00.003 . Memory (MB): peak = 789.516 ; gain = 0.000
---------------------------------------------------------------------------------
Finished Constraint Validation : Time (s): cpu = 00:00:10 ; elapsed = 00:00:12 . Memory (MB): peak = 789.516 ; gain = 501.656
---------------------------------------------------------------------------------
---------------------------------------------------------------------------------
Start Loading Part and Timing Information
---------------------------------------------------------------------------------
Loading part: xc7a100tfgg484-1
---------------------------------------------------------------------------------
Finished Loading Part and Timing Information : Time (s): cpu = 00:00:10 ; elapsed = 00:00:12 . Memory (MB): peak = 789.516 ; gain = 501.656
---------------------------------------------------------------------------------
---------------------------------------------------------------------------------
Start Applying 'set_property' XDC Constraints
---------------------------------------------------------------------------------
Applied set_property IO_BUFFER_TYPE = NONE for clk. (constraint file  d:/codeworkplace/VS-Code-V/project/memory_w_r/memory_w_r.srcs/sources_1/ip/clk_div_1/clk_div/clk_div_in_context.xdc, line 3).
Applied set_property CLOCK_BUFFER_TYPE = NONE for clk. (constraint file  d:/codeworkplace/VS-Code-V/project/memory_w_r/memory_w_r.srcs/sources_1/ip/clk_div_1/clk_div/clk_div_in_context.xdc, line 4).
Applied set_property DONT_TOUCH = true for u_clk_div. (constraint file  auto generated constraint, line ).
Applied set_property DONT_TOUCH = true for u_led_mem. (constraint file  auto generated constraint, line ).
---------------------------------------------------------------------------------
Finished applying 'set_property' XDC Constraints : Time (s): cpu = 00:00:10 ; elapsed = 00:00:13 . Memory (MB): peak = 789.516 ; gain = 501.656
---------------------------------------------------------------------------------
INFO: [Synth 8-5544] ROM "ena_r" won't be mapped to Block RAM because address size (2) smaller than threshold (5)
INFO: [Synth 8-5544] ROM "wea_r" won't be mapped to Block RAM because address size (2) smaller than threshold (5)
INFO: [Synth 8-5545] ROM "cnt" won't be mapped to RAM because address size (32) is larger than maximum supported(25)
INFO: [Synth 8-5544] ROM "state" won't be mapped to Block RAM because address size (4) smaller than threshold (5)
INFO: [Synth 8-5544] ROM "state0" won't be mapped to Block RAM because address size (4) smaller than threshold (5)
INFO: [Synth 8-5545] ROM "addra_r" won't be mapped to RAM because address size (32) is larger than maximum supported(25)
---------------------------------------------------------------------------------
Finished RTL Optimization Phase 2 : Time (s): cpu = 00:00:10 ; elapsed = 00:00:13 . Memory (MB): peak = 789.516 ; gain = 501.656
---------------------------------------------------------------------------------

Report RTL Partitions: 
+-+--------------+------------+----------+
| |RTL Partition |Replication |Instances |
+-+--------------+------------+----------+
+-+--------------+------------+----------+
---------------------------------------------------------------------------------
Start RTL Component Statistics 
---------------------------------------------------------------------------------
Detailed RTL Component Info : 
+---Adders : 
	   2 Input     32 Bit       Adders := 1     
	   2 Input     16 Bit       Adders := 1     
	   2 Input      4 Bit       Adders := 1     
+---Registers : 
	               32 Bit    Registers := 1     
	               16 Bit    Registers := 2     
	                4 Bit    Registers := 1     
	                2 Bit    Registers := 1     
	                1 Bit    Registers := 2     
+---Muxes : 
	   2 Input     32 Bit        Muxes := 2     
	   2 Input     16 Bit        Muxes := 1     
	   2 Input      4 Bit        Muxes := 1     
	   2 Input      2 Bit        Muxes := 5     
	   4 Input      2 Bit        Muxes := 1     
	   2 Input      1 Bit        Muxes := 10    
	   5 Input      1 Bit        Muxes := 1     
---------------------------------------------------------------------------------
Finished RTL Component Statistics 
---------------------------------------------------------------------------------
---------------------------------------------------------------------------------
Start RTL Hierarchical Component Statistics 
---------------------------------------------------------------------------------
Hierarchical RTL Component report 
Module memory_w_r 
Detailed RTL Component Info : 
+---Adders : 
	   2 Input     32 Bit       Adders := 1     
	   2 Input     16 Bit       Adders := 1     
	   2 Input      4 Bit       Adders := 1     
+---Registers : 
	               32 Bit    Registers := 1     
	               16 Bit    Registers := 2     
	                4 Bit    Registers := 1     
	                2 Bit    Registers := 1     
	                1 Bit    Registers := 2     
+---Muxes : 
	   2 Input     32 Bit        Muxes := 2     
	   2 Input     16 Bit        Muxes := 1     
	   2 Input      4 Bit        Muxes := 1     
	   2 Input      2 Bit        Muxes := 5     
	   4 Input      2 Bit        Muxes := 1     
	   2 Input      1 Bit        Muxes := 10    
	   5 Input      1 Bit        Muxes := 1     
---------------------------------------------------------------------------------
Finished RTL Hierarchical Component Statistics
---------------------------------------------------------------------------------
---------------------------------------------------------------------------------
Start Part Resource Summary
---------------------------------------------------------------------------------
Part Resources:
DSPs: 240 (col length:80)
BRAMs: 270 (col length: RAMB18 80 RAMB36 40)
---------------------------------------------------------------------------------
Finished Part Resource Summary
---------------------------------------------------------------------------------
---------------------------------------------------------------------------------
Start Cross Boundary and Area Optimization
---------------------------------------------------------------------------------
Warning: Parallel synthesis criteria is not met 
INFO: [Synth 8-5545] ROM "u_memory_w_r/cnt" won't be mapped to RAM because address size (32) is larger than maximum supported(25)
INFO: [Synth 8-3886] merging instance 'u_memory_w_r/led_r_reg[1]' (FDCE) to 'u_memory_w_r/led_r_reg[2]'
INFO: [Synth 8-3886] merging instance 'u_memory_w_r/led_r_reg[2]' (FDCE) to 'u_memory_w_r/led_r_reg[3]'
INFO: [Synth 8-3886] merging instance 'u_memory_w_r/led_r_reg[3]' (FDCE) to 'u_memory_w_r/led_r_reg[4]'
INFO: [Synth 8-3886] merging instance 'u_memory_w_r/led_r_reg[4]' (FDCE) to 'u_memory_w_r/led_r_reg[5]'
INFO: [Synth 8-3886] merging instance 'u_memory_w_r/led_r_reg[5]' (FDCE) to 'u_memory_w_r/led_r_reg[6]'
INFO: [Synth 8-3886] merging instance 'u_memory_w_r/led_r_reg[6]' (FDCE) to 'u_memory_w_r/led_r_reg[7]'
INFO: [Synth 8-3886] merging instance 'u_memory_w_r/led_r_reg[7]' (FDCE) to 'u_memory_w_r/led_r_reg[8]'
INFO: [Synth 8-3886] merging instance 'u_memory_w_r/led_r_reg[8]' (FDCE) to 'u_memory_w_r/led_r_reg[9]'
INFO: [Synth 8-3886] merging instance 'u_memory_w_r/led_r_reg[9]' (FDCE) to 'u_memory_w_r/led_r_reg[10]'
INFO: [Synth 8-3886] merging instance 'u_memory_w_r/led_r_reg[10]' (FDCE) to 'u_memory_w_r/led_r_reg[11]'
INFO: [Synth 8-3886] merging instance 'u_memory_w_r/led_r_reg[11]' (FDCE) to 'u_memory_w_r/led_r_reg[12]'
INFO: [Synth 8-3886] merging instance 'u_memory_w_r/led_r_reg[12]' (FDCE) to 'u_memory_w_r/led_r_reg[13]'
INFO: [Synth 8-3886] merging instance 'u_memory_w_r/led_r_reg[13]' (FDCE) to 'u_memory_w_r/led_r_reg[14]'
INFO: [Synth 8-3886] merging instance 'u_memory_w_r/led_r_reg[14]' (FDCE) to 'u_memory_w_r/led_r_reg[15]'
INFO: [Synth 8-3333] propagating constant 0 across sequential element (\u_memory_w_r/led_r_reg[15] )
WARNING: [Synth 8-3332] Sequential element (u_memory_w_r/led_r_reg[15]) is unused and will be removed from module memory_top.
---------------------------------------------------------------------------------
Finished Cross Boundary and Area Optimization : Time (s): cpu = 00:00:11 ; elapsed = 00:00:14 . Memory (MB): peak = 789.516 ; gain = 501.656
---------------------------------------------------------------------------------

Report RTL Partitions: 
+-+--------------+------------+----------+
| |RTL Partition |Replication |Instances |
+-+--------------+------------+----------+
+-+--------------+------------+----------+
---------------------------------------------------------------------------------
Start Applying XDC Timing Constraints
---------------------------------------------------------------------------------
INFO: [Synth 8-5578] Moved timing constraint from pin 'u_clk_div/clk_out1' to pin 'u_clk_div/bbstub_clk_out1/O'
WARNING: [Synth 8-565] redefining clock 'clk'
INFO: [Synth 8-5819] Moved 1 constraints on hierarchical pins to their respective driving/loading pins
---------------------------------------------------------------------------------
Finished Applying XDC Timing Constraints : Time (s): cpu = 00:00:18 ; elapsed = 00:00:21 . Memory (MB): peak = 789.516 ; gain = 501.656
---------------------------------------------------------------------------------
---------------------------------------------------------------------------------
Start Timing Optimization
---------------------------------------------------------------------------------
---------------------------------------------------------------------------------
Finished Timing Optimization : Time (s): cpu = 00:00:19 ; elapsed = 00:00:22 . Memory (MB): peak = 809.945 ; gain = 522.086
---------------------------------------------------------------------------------

Report RTL Partitions: 
+-+--------------+------------+----------+
| |RTL Partition |Replication |Instances |
+-+--------------+------------+----------+
+-+--------------+------------+----------+
---------------------------------------------------------------------------------
Start Technology Mapping
---------------------------------------------------------------------------------
INFO: [Synth 8-3886] merging instance 'u_memory_w_r/dina_r_reg[0]' (FDCE) to 'u_memory_w_r/ena_r_reg'
---------------------------------------------------------------------------------
Finished Technology Mapping : Time (s): cpu = 00:00:19 ; elapsed = 00:00:22 . Memory (MB): peak = 811.406 ; gain = 523.547
---------------------------------------------------------------------------------

Report RTL Partitions: 
+-+--------------+------------+----------+
| |RTL Partition |Replication |Instances |
+-+--------------+------------+----------+
+-+--------------+------------+----------+
---------------------------------------------------------------------------------
Start IO Insertion
---------------------------------------------------------------------------------
---------------------------------------------------------------------------------
Start Flattening Before IO Insertion
---------------------------------------------------------------------------------
---------------------------------------------------------------------------------
Finished Flattening Before IO Insertion
---------------------------------------------------------------------------------
---------------------------------------------------------------------------------
Start Final Netlist Cleanup
---------------------------------------------------------------------------------
---------------------------------------------------------------------------------
Finished Final Netlist Cleanup
---------------------------------------------------------------------------------
---------------------------------------------------------------------------------
Finished IO Insertion : Time (s): cpu = 00:00:19 ; elapsed = 00:00:22 . Memory (MB): peak = 811.406 ; gain = 523.547
---------------------------------------------------------------------------------

Report Check Netlist: 
+------+------------------+-------+---------+-------+------------------+
|      |Item              |Errors |Warnings |Status |Description       |
+------+------------------+-------+---------+-------+------------------+
|1     |multi_driven_nets |      0|        0|Passed |Multi driven nets |
+------+------------------+-------+---------+-------+------------------+
---------------------------------------------------------------------------------
Start Renaming Generated Instances
---------------------------------------------------------------------------------
---------------------------------------------------------------------------------
Finished Renaming Generated Instances : Time (s): cpu = 00:00:19 ; elapsed = 00:00:22 . Memory (MB): peak = 811.406 ; gain = 523.547
---------------------------------------------------------------------------------

Report RTL Partitions: 
+-+--------------+------------+----------+
| |RTL Partition |Replication |Instances |
+-+--------------+------------+----------+
+-+--------------+------------+----------+
---------------------------------------------------------------------------------
Start Rebuilding User Hierarchy
---------------------------------------------------------------------------------
---------------------------------------------------------------------------------
Finished Rebuilding User Hierarchy : Time (s): cpu = 00:00:19 ; elapsed = 00:00:22 . Memory (MB): peak = 811.406 ; gain = 523.547
---------------------------------------------------------------------------------
---------------------------------------------------------------------------------
Start Renaming Generated Ports
---------------------------------------------------------------------------------
---------------------------------------------------------------------------------
Finished Renaming Generated Ports : Time (s): cpu = 00:00:19 ; elapsed = 00:00:22 . Memory (MB): peak = 811.406 ; gain = 523.547
---------------------------------------------------------------------------------
---------------------------------------------------------------------------------
Start Handling Custom Attributes
---------------------------------------------------------------------------------
---------------------------------------------------------------------------------
Finished Handling Custom Attributes : Time (s): cpu = 00:00:19 ; elapsed = 00:00:22 . Memory (MB): peak = 811.406 ; gain = 523.547
---------------------------------------------------------------------------------
---------------------------------------------------------------------------------
Start Renaming Generated Nets
---------------------------------------------------------------------------------
---------------------------------------------------------------------------------
Finished Renaming Generated Nets : Time (s): cpu = 00:00:19 ; elapsed = 00:00:22 . Memory (MB): peak = 811.406 ; gain = 523.547
---------------------------------------------------------------------------------
---------------------------------------------------------------------------------
Start Writing Synthesis Report
---------------------------------------------------------------------------------

Report BlackBoxes: 
+------+--------------+----------+
|      |BlackBox name |Instances |
+------+--------------+----------+
|1     |clk_div       |         1|
|2     |led_mem       |         1|
+------+--------------+----------+

Report Cell Usage: 
+------+--------+------+
|      |Cell    |Count |
+------+--------+------+
|1     |clk_div |     1|
|2     |led_mem |     1|
|3     |CARRY4  |     8|
|4     |LUT1    |     1|
|5     |LUT2    |     2|
|6     |LUT3    |     2|
|7     |LUT4    |    54|
|8     |LUT5    |     5|
|9     |LUT6    |     6|
|10    |FDCE    |    51|
|11    |FDPE    |     6|
|12    |LDC     |     1|
|13    |IBUF    |     2|
|14    |OBUF    |    16|
+------+--------+------+

Report Instance Areas: 
+------+---------------+-----------+------+
|      |Instance       |Module     |Cells |
+------+---------------+-----------+------+
|1     |top            |           |   172|
|2     |  u_memory_w_r |memory_w_r |   136|
+------+---------------+-----------+------+
---------------------------------------------------------------------------------
Finished Writing Synthesis Report : Time (s): cpu = 00:00:19 ; elapsed = 00:00:22 . Memory (MB): peak = 811.406 ; gain = 523.547
---------------------------------------------------------------------------------
Synthesis finished with 0 errors, 0 critical warnings and 2 warnings.
Synthesis Optimization Runtime : Time (s): cpu = 00:00:11 ; elapsed = 00:00:15 . Memory (MB): peak = 811.406 ; gain = 176.332
Synthesis Optimization Complete : Time (s): cpu = 00:00:19 ; elapsed = 00:00:22 . Memory (MB): peak = 811.406 ; gain = 523.547
INFO: [Project 1-571] Translating synthesized netlist
INFO: [Netlist 29-17] Analyzing 11 Unisim elements for replacement
INFO: [Netlist 29-28] Unisim Transformation completed in 0 CPU seconds
INFO: [Project 1-570] Preparing netlist for logic optimization
INFO: [Opt 31-138] Pushed 0 inverter(s) to 0 load pin(s).
INFO: [Project 1-111] Unisim Transformation Summary:
  A total of 1 instances were transformed.
  LDC => LDCE: 1 instances

INFO: [Common 17-83] Releasing license: Synthesis
45 Infos, 5 Warnings, 0 Critical Warnings and 0 Errors encountered.
synth_design completed successfully
synth_design: Time (s): cpu = 00:00:21 ; elapsed = 00:00:24 . Memory (MB): peak = 811.406 ; gain = 535.070
WARNING: [Constraints 18-5210] No constraint will be written out.
INFO: [Common 17-1381] The checkpoint 'D:/codeworkplace/VS-Code-V/project/memory_w_r/memory_w_r.runs/synth_1/memory_top.dcp' has been generated.
INFO: [runtcl-4] Executing : report_utilization -file memory_top_utilization_synth.rpt -pb memory_top_utilization_synth.pb
report_utilization: Time (s): cpu = 00:00:00 ; elapsed = 00:00:00.031 . Memory (MB): peak = 811.406 ; gain = 0.000
INFO: [Common 17-206] Exiting Vivado at Sun Nov 21 17:32:56 2021...
