Copyright 1986-2018 Xilinx, Inc. All Rights Reserved.
-----------------------------------------------------------------------------------------------------------------------------------------------
| Tool Version : Vivado v.2018.2 (win64) Build 2258646 Thu Jun 14 20:03:12 MDT 2018
| Date         : Mon Jul 11 17:20:42 2022
| Host         : DESKTOP-vovohao running 64-bit major release  (build 9200)
| Command      : report_methodology -file top_methodology_drc_routed.rpt -pb top_methodology_drc_routed.pb -rpx top_methodology_drc_routed.rpx
| Design       : top
| Device       : xc7a100tfgg484-1
| Speed File   : -1
| Design State : Routed
-----------------------------------------------------------------------------------------------------------------------------------------------

Report Methodology

Table of Contents
-----------------
1. REPORT SUMMARY
2. REPORT DETAILS

1. REPORT SUMMARY
-----------------
            Netlist: netlist
          Floorplan: design_1
      Design limits: <entire design considered>
             Max violations: <unlimited>
             Violations found: 58
+-----------+----------+--------------------------------------------------------+------------+
| Rule      | Severity | Description                                            | Violations |
+-----------+----------+--------------------------------------------------------+------------+
| TIMING-20 | Warning  | Non-clocked latch                                      | 56         |
| XDCC-1    | Warning  | Scoped Clock constraint overwritten with the same name | 1          |
| XDCC-7    | Warning  | Scoped Clock constraint overwritten on the same source | 1          |
+-----------+----------+--------------------------------------------------------+------------+

2. REPORT DETAILS
-----------------
TIMING-20#1 Warning
Non-clocked latch  
The latch U_dipSwitch/data_tocpu_reg[0] cannot be properly analyzed as its control pin U_dipSwitch/data_tocpu_reg[0]/G is not reached by a timing clock
Related violations: <none>

TIMING-20#2 Warning
Non-clocked latch  
The latch U_dipSwitch/data_tocpu_reg[10] cannot be properly analyzed as its control pin U_dipSwitch/data_tocpu_reg[10]/G is not reached by a timing clock
Related violations: <none>

TIMING-20#3 Warning
Non-clocked latch  
The latch U_dipSwitch/data_tocpu_reg[11] cannot be properly analyzed as its control pin U_dipSwitch/data_tocpu_reg[11]/G is not reached by a timing clock
Related violations: <none>

TIMING-20#4 Warning
Non-clocked latch  
The latch U_dipSwitch/data_tocpu_reg[12] cannot be properly analyzed as its control pin U_dipSwitch/data_tocpu_reg[12]/G is not reached by a timing clock
Related violations: <none>

TIMING-20#5 Warning
Non-clocked latch  
The latch U_dipSwitch/data_tocpu_reg[13] cannot be properly analyzed as its control pin U_dipSwitch/data_tocpu_reg[13]/G is not reached by a timing clock
Related violations: <none>

TIMING-20#6 Warning
Non-clocked latch  
The latch U_dipSwitch/data_tocpu_reg[14] cannot be properly analyzed as its control pin U_dipSwitch/data_tocpu_reg[14]/G is not reached by a timing clock
Related violations: <none>

TIMING-20#7 Warning
Non-clocked latch  
The latch U_dipSwitch/data_tocpu_reg[15] cannot be properly analyzed as its control pin U_dipSwitch/data_tocpu_reg[15]/G is not reached by a timing clock
Related violations: <none>

TIMING-20#8 Warning
Non-clocked latch  
The latch U_dipSwitch/data_tocpu_reg[16] cannot be properly analyzed as its control pin U_dipSwitch/data_tocpu_reg[16]/G is not reached by a timing clock
Related violations: <none>

TIMING-20#9 Warning
Non-clocked latch  
The latch U_dipSwitch/data_tocpu_reg[17] cannot be properly analyzed as its control pin U_dipSwitch/data_tocpu_reg[17]/G is not reached by a timing clock
Related violations: <none>

TIMING-20#10 Warning
Non-clocked latch  
The latch U_dipSwitch/data_tocpu_reg[18] cannot be properly analyzed as its control pin U_dipSwitch/data_tocpu_reg[18]/G is not reached by a timing clock
Related violations: <none>

TIMING-20#11 Warning
Non-clocked latch  
The latch U_dipSwitch/data_tocpu_reg[19] cannot be properly analyzed as its control pin U_dipSwitch/data_tocpu_reg[19]/G is not reached by a timing clock
Related violations: <none>

TIMING-20#12 Warning
Non-clocked latch  
The latch U_dipSwitch/data_tocpu_reg[1] cannot be properly analyzed as its control pin U_dipSwitch/data_tocpu_reg[1]/G is not reached by a timing clock
Related violations: <none>

TIMING-20#13 Warning
Non-clocked latch  
The latch U_dipSwitch/data_tocpu_reg[20] cannot be properly analyzed as its control pin U_dipSwitch/data_tocpu_reg[20]/G is not reached by a timing clock
Related violations: <none>

TIMING-20#14 Warning
Non-clocked latch  
The latch U_dipSwitch/data_tocpu_reg[21] cannot be properly analyzed as its control pin U_dipSwitch/data_tocpu_reg[21]/G is not reached by a timing clock
Related violations: <none>

TIMING-20#15 Warning
Non-clocked latch  
The latch U_dipSwitch/data_tocpu_reg[22] cannot be properly analyzed as its control pin U_dipSwitch/data_tocpu_reg[22]/G is not reached by a timing clock
Related violations: <none>

TIMING-20#16 Warning
Non-clocked latch  
The latch U_dipSwitch/data_tocpu_reg[23] cannot be properly analyzed as its control pin U_dipSwitch/data_tocpu_reg[23]/G is not reached by a timing clock
Related violations: <none>

TIMING-20#17 Warning
Non-clocked latch  
The latch U_dipSwitch/data_tocpu_reg[2] cannot be properly analyzed as its control pin U_dipSwitch/data_tocpu_reg[2]/G is not reached by a timing clock
Related violations: <none>

TIMING-20#18 Warning
Non-clocked latch  
The latch U_dipSwitch/data_tocpu_reg[3] cannot be properly analyzed as its control pin U_dipSwitch/data_tocpu_reg[3]/G is not reached by a timing clock
Related violations: <none>

TIMING-20#19 Warning
Non-clocked latch  
The latch U_dipSwitch/data_tocpu_reg[4] cannot be properly analyzed as its control pin U_dipSwitch/data_tocpu_reg[4]/G is not reached by a timing clock
Related violations: <none>

TIMING-20#20 Warning
Non-clocked latch  
The latch U_dipSwitch/data_tocpu_reg[5] cannot be properly analyzed as its control pin U_dipSwitch/data_tocpu_reg[5]/G is not reached by a timing clock
Related violations: <none>

TIMING-20#21 Warning
Non-clocked latch  
The latch U_dipSwitch/data_tocpu_reg[6] cannot be properly analyzed as its control pin U_dipSwitch/data_tocpu_reg[6]/G is not reached by a timing clock
Related violations: <none>

TIMING-20#22 Warning
Non-clocked latch  
The latch U_dipSwitch/data_tocpu_reg[7] cannot be properly analyzed as its control pin U_dipSwitch/data_tocpu_reg[7]/G is not reached by a timing clock
Related violations: <none>

TIMING-20#23 Warning
Non-clocked latch  
The latch U_dipSwitch/data_tocpu_reg[8] cannot be properly analyzed as its control pin U_dipSwitch/data_tocpu_reg[8]/G is not reached by a timing clock
Related violations: <none>

TIMING-20#24 Warning
Non-clocked latch  
The latch U_dipSwitch/data_tocpu_reg[9] cannot be properly analyzed as its control pin U_dipSwitch/data_tocpu_reg[9]/G is not reached by a timing clock
Related violations: <none>

TIMING-20#25 Warning
Non-clocked latch  
The latch U_iobus/data_tocpu[-1111111080] cannot be properly analyzed as its control pin U_iobus/data_tocpu[-1111111080]/G is not reached by a timing clock
Related violations: <none>

TIMING-20#26 Warning
Non-clocked latch  
The latch U_iobus/data_tocpu[-1111111081] cannot be properly analyzed as its control pin U_iobus/data_tocpu[-1111111081]/G is not reached by a timing clock
Related violations: <none>

TIMING-20#27 Warning
Non-clocked latch  
The latch U_iobus/data_tocpu[-1111111082] cannot be properly analyzed as its control pin U_iobus/data_tocpu[-1111111082]/G is not reached by a timing clock
Related violations: <none>

TIMING-20#28 Warning
Non-clocked latch  
The latch U_iobus/data_tocpu[-1111111083] cannot be properly analyzed as its control pin U_iobus/data_tocpu[-1111111083]/G is not reached by a timing clock
Related violations: <none>

TIMING-20#29 Warning
Non-clocked latch  
The latch U_iobus/data_tocpu[-1111111084] cannot be properly analyzed as its control pin U_iobus/data_tocpu[-1111111084]/G is not reached by a timing clock
Related violations: <none>

TIMING-20#30 Warning
Non-clocked latch  
The latch U_iobus/data_tocpu[-1111111085] cannot be properly analyzed as its control pin U_iobus/data_tocpu[-1111111085]/G is not reached by a timing clock
Related violations: <none>

TIMING-20#31 Warning
Non-clocked latch  
The latch U_iobus/data_tocpu[-1111111086] cannot be properly analyzed as its control pin U_iobus/data_tocpu[-1111111086]/G is not reached by a timing clock
Related violations: <none>

TIMING-20#32 Warning
Non-clocked latch  
The latch U_iobus/data_tocpu[-1111111087] cannot be properly analyzed as its control pin U_iobus/data_tocpu[-1111111087]/G is not reached by a timing clock
Related violations: <none>

TIMING-20#33 Warning
Non-clocked latch  
The latch U_iobus/data_tocpu[-1111111088] cannot be properly analyzed as its control pin U_iobus/data_tocpu[-1111111088]/G is not reached by a timing clock
Related violations: <none>

TIMING-20#34 Warning
Non-clocked latch  
The latch U_iobus/data_tocpu[-1111111089] cannot be properly analyzed as its control pin U_iobus/data_tocpu[-1111111089]/G is not reached by a timing clock
Related violations: <none>

TIMING-20#35 Warning
Non-clocked latch  
The latch U_iobus/data_tocpu[-1111111090] cannot be properly analyzed as its control pin U_iobus/data_tocpu[-1111111090]/G is not reached by a timing clock
Related violations: <none>

TIMING-20#36 Warning
Non-clocked latch  
The latch U_iobus/data_tocpu[-1111111091] cannot be properly analyzed as its control pin U_iobus/data_tocpu[-1111111091]/G is not reached by a timing clock
Related violations: <none>

TIMING-20#37 Warning
Non-clocked latch  
The latch U_iobus/data_tocpu[-1111111092] cannot be properly analyzed as its control pin U_iobus/data_tocpu[-1111111092]/G is not reached by a timing clock
Related violations: <none>

TIMING-20#38 Warning
Non-clocked latch  
The latch U_iobus/data_tocpu[-1111111093] cannot be properly analyzed as its control pin U_iobus/data_tocpu[-1111111093]/G is not reached by a timing clock
Related violations: <none>

TIMING-20#39 Warning
Non-clocked latch  
The latch U_iobus/data_tocpu[-1111111094] cannot be properly analyzed as its control pin U_iobus/data_tocpu[-1111111094]/G is not reached by a timing clock
Related violations: <none>

TIMING-20#40 Warning
Non-clocked latch  
The latch U_iobus/data_tocpu[-1111111095] cannot be properly analyzed as its control pin U_iobus/data_tocpu[-1111111095]/G is not reached by a timing clock
Related violations: <none>

TIMING-20#41 Warning
Non-clocked latch  
The latch U_iobus/data_tocpu[-1111111096] cannot be properly analyzed as its control pin U_iobus/data_tocpu[-1111111096]/G is not reached by a timing clock
Related violations: <none>

TIMING-20#42 Warning
Non-clocked latch  
The latch U_iobus/data_tocpu[-1111111097] cannot be properly analyzed as its control pin U_iobus/data_tocpu[-1111111097]/G is not reached by a timing clock
Related violations: <none>

TIMING-20#43 Warning
Non-clocked latch  
The latch U_iobus/data_tocpu[-1111111098] cannot be properly analyzed as its control pin U_iobus/data_tocpu[-1111111098]/G is not reached by a timing clock
Related violations: <none>

TIMING-20#44 Warning
Non-clocked latch  
The latch U_iobus/data_tocpu[-1111111099] cannot be properly analyzed as its control pin U_iobus/data_tocpu[-1111111099]/G is not reached by a timing clock
Related violations: <none>

TIMING-20#45 Warning
Non-clocked latch  
The latch U_iobus/data_tocpu[-1111111100] cannot be properly analyzed as its control pin U_iobus/data_tocpu[-1111111100]/G is not reached by a timing clock
Related violations: <none>

TIMING-20#46 Warning
Non-clocked latch  
The latch U_iobus/data_tocpu[-1111111101] cannot be properly analyzed as its control pin U_iobus/data_tocpu[-1111111101]/G is not reached by a timing clock
Related violations: <none>

TIMING-20#47 Warning
Non-clocked latch  
The latch U_iobus/data_tocpu[-1111111102] cannot be properly analyzed as its control pin U_iobus/data_tocpu[-1111111102]/G is not reached by a timing clock
Related violations: <none>

TIMING-20#48 Warning
Non-clocked latch  
The latch U_iobus/data_tocpu[-1111111103] cannot be properly analyzed as its control pin U_iobus/data_tocpu[-1111111103]/G is not reached by a timing clock
Related violations: <none>

TIMING-20#49 Warning
Non-clocked latch  
The latch U_iobus/data_tocpu[-1111111104] cannot be properly analyzed as its control pin U_iobus/data_tocpu[-1111111104]/G is not reached by a timing clock
Related violations: <none>

TIMING-20#50 Warning
Non-clocked latch  
The latch U_iobus/data_tocpu[-1111111105] cannot be properly analyzed as its control pin U_iobus/data_tocpu[-1111111105]/G is not reached by a timing clock
Related violations: <none>

TIMING-20#51 Warning
Non-clocked latch  
The latch U_iobus/data_tocpu[-1111111106] cannot be properly analyzed as its control pin U_iobus/data_tocpu[-1111111106]/G is not reached by a timing clock
Related violations: <none>

TIMING-20#52 Warning
Non-clocked latch  
The latch U_iobus/data_tocpu[-1111111107] cannot be properly analyzed as its control pin U_iobus/data_tocpu[-1111111107]/G is not reached by a timing clock
Related violations: <none>

TIMING-20#53 Warning
Non-clocked latch  
The latch U_iobus/data_tocpu[-1111111108] cannot be properly analyzed as its control pin U_iobus/data_tocpu[-1111111108]/G is not reached by a timing clock
Related violations: <none>

TIMING-20#54 Warning
Non-clocked latch  
The latch U_iobus/data_tocpu[-1111111109] cannot be properly analyzed as its control pin U_iobus/data_tocpu[-1111111109]/G is not reached by a timing clock
Related violations: <none>

TIMING-20#55 Warning
Non-clocked latch  
The latch U_iobus/data_tocpu[-1111111110] cannot be properly analyzed as its control pin U_iobus/data_tocpu[-1111111110]/G is not reached by a timing clock
Related violations: <none>

TIMING-20#56 Warning
Non-clocked latch  
The latch U_iobus/data_tocpu[-1111111111] cannot be properly analyzed as its control pin U_iobus/data_tocpu[-1111111111]/G is not reached by a timing clock
Related violations: <none>

XDCC-1#1 Warning
Scoped Clock constraint overwritten with the same name  
A new clock constraint create_clock overrides a previous scoped clock constraint with the same name. It is not recommended to override a scoped (typically an IP) clock constraint and could result in unexpected behaviors.
New: create_clock -period 10.000 -name clk_i [get_ports clk_i] (Source: D:/codeworkplace/VS-Code-V/project/cpu_SoC/clock.xdc (Line: 1))
Previous: create_clock -period 10.000 [get_ports clk_i] (Source: d:/codeworkplace/VS-Code-V/project/cpu_SoC/cpu_SoC.srcs/sources_1/ip/cpuclk/cpuclk.xdc (Line: 56))
Related violations: <none>

XDCC-7#1 Warning
Scoped Clock constraint overwritten on the same source  
A new clock constraint create_clock overrides a previous scoped clock constraint defined on the same source. It is not recommended to override a scoped (typically an IP) clock constraint and could result in unexpected behaviors.
New: create_clock -period 10.000 -name clk_i [get_ports clk_i] (Source: D:/codeworkplace/VS-Code-V/project/cpu_SoC/clock.xdc (Line: 1))
Previous: create_clock -period 10.000 [get_ports clk_i] (Source: d:/codeworkplace/VS-Code-V/project/cpu_SoC/cpu_SoC.srcs/sources_1/ip/cpuclk/cpuclk.xdc (Line: 56))
Related violations: <none>


